2021-01-27 12:03:32,058 - HMI.py[line:348] - INFO: i-shopOCR user interface has been closed.

2021-01-27 13:31:25,070 - HMI.py[line:348] - INFO: 开始检测交接单 E:/Projects/Part_Number/dataset/doc\2021-01-13_18_42_00_660.bmp ...
2021-01-27 13:31:26,285 - HMI.py[line:348] - INFO: 交接单检测完成。
2021-01-27 13:31:26,367 - HMI.py[line:348] - INFO: 开始检测交接单 E:/Projects/Part_Number/dataset/doc\doc_2.png ...
2021-01-27 13:31:27,023 - HMI.py[line:348] - INFO: 交接单检测完成。
2021-01-27 13:31:52,776 - HMI.py[line:348] - INFO: 开始检测零件号 E:/Projects/Part_Number/dataset/test_single\2021-01-22_17_58_11_147.png ...
2021-01-27 13:31:53,343 - HMI.py[line:348] - INFO: 零件号检测进度: 4.0%
2021-01-27 13:31:53,404 - HMI.py[line:348] - INFO: 零件号检测进度: 8.0%
2021-01-27 13:31:53,454 - HMI.py[line:348] - INFO: 零件号检测进度: 12.0%
2021-01-27 13:31:53,503 - HMI.py[line:348] - INFO: 零件号检测进度: 16.0%
2021-01-27 13:31:53,553 - HMI.py[line:348] - INFO: 零件号检测进度: 20.0%
2021-01-27 13:31:53,591 - HMI.py[line:348] - INFO: 零件号检测进度: 24.0%
2021-01-27 13:31:53,629 - HMI.py[line:348] - INFO: 零件号检测进度: 28.000000000000004%
2021-01-27 13:31:53,669 - HMI.py[line:348] - INFO: 零件号检测进度: 32.0%
2021-01-27 13:31:53,709 - HMI.py[line:348] - INFO: 零件号检测进度: 36.0%
2021-01-27 13:31:53,749 - HMI.py[line:348] - INFO: 零件号检测进度: 40.0%
2021-01-27 13:31:53,787 - HMI.py[line:348] - INFO: 零件号检测进度: 44.0%
2021-01-27 13:31:53,825 - HMI.py[line:348] - INFO: 零件号检测进度: 48.0%
2021-01-27 13:31:53,862 - HMI.py[line:348] - INFO: 零件号检测进度: 52.0%
2021-01-27 13:31:53,912 - HMI.py[line:348] - INFO: 零件号检测进度: 56.00000000000001%
2021-01-27 13:31:53,962 - HMI.py[line:348] - INFO: 零件号检测进度: 60.0%
2021-01-27 13:31:54,000 - HMI.py[line:348] - INFO: 零件号检测进度: 64.0%
2021-01-27 13:31:54,040 - HMI.py[line:348] - INFO: 零件号检测进度: 68.0%
2021-01-27 13:31:54,078 - HMI.py[line:348] - INFO: 零件号检测进度: 72.0%
2021-01-27 13:31:54,116 - HMI.py[line:348] - INFO: 零件号检测进度: 76.0%
2021-01-27 13:31:54,154 - HMI.py[line:348] - INFO: 零件号检测进度: 80.0%
2021-01-27 13:31:54,192 - HMI.py[line:348] - INFO: 零件号检测进度: 84.0%
2021-01-27 13:31:54,242 - HMI.py[line:348] - INFO: 零件号检测进度: 88.0%
2021-01-27 13:31:54,294 - HMI.py[line:348] - INFO: 零件号检测进度: 92.0%
2021-01-27 13:31:54,346 - HMI.py[line:348] - INFO: 零件号检测进度: 96.0%
2021-01-27 13:31:54,396 - HMI.py[line:348] - INFO: 零件号检测进度: 100.0%
2021-01-27 13:31:54,396 - HMI.py[line:348] - INFO: 零件号检测完成。
2021-01-27 13:31:54,486 - HMI.py[line:348] - INFO: 开始检测零件号 E:/Projects/Part_Number/dataset/test_single\2021-01-22_18_00_02_285.png ...
2021-01-27 13:31:54,781 - HMI.py[line:348] - INFO: 零件号检测进度: 4.0%
2021-01-27 13:31:54,837 - HMI.py[line:348] - INFO: 零件号检测进度: 8.0%
2021-01-27 13:31:54,885 - HMI.py[line:348] - INFO: 零件号检测进度: 12.0%
2021-01-27 13:31:54,936 - HMI.py[line:348] - INFO: 零件号检测进度: 16.0%
2021-01-27 13:31:54,984 - HMI.py[line:348] - INFO: 零件号检测进度: 20.0%
2021-01-27 13:31:55,024 - HMI.py[line:348] - INFO: 零件号检测进度: 24.0%
2021-01-27 13:31:55,062 - HMI.py[line:348] - INFO: 零件号检测进度: 28.000000000000004%
2021-01-27 13:31:55,100 - HMI.py[line:348] - INFO: 零件号检测进度: 32.0%
2021-01-27 13:31:55,136 - HMI.py[line:348] - INFO: 零件号检测进度: 36.0%
2021-01-27 13:31:55,174 - HMI.py[line:348] - INFO: 零件号检测进度: 40.0%
2021-01-27 13:31:55,212 - HMI.py[line:348] - INFO: 零件号检测进度: 44.0%
2021-01-27 13:31:55,261 - HMI.py[line:348] - INFO: 零件号检测进度: 48.0%
2021-01-27 13:31:55,311 - HMI.py[line:348] - INFO: 零件号检测进度: 52.0%
2021-01-27 13:31:55,361 - HMI.py[line:348] - INFO: 零件号检测进度: 56.00000000000001%
2021-01-27 13:31:55,410 - HMI.py[line:348] - INFO: 零件号检测进度: 60.0%
2021-01-27 13:31:55,450 - HMI.py[line:348] - INFO: 零件号检测进度: 64.0%
2021-01-27 13:31:55,488 - HMI.py[line:348] - INFO: 零件号检测进度: 68.0%
2021-01-27 13:31:55,524 - HMI.py[line:348] - INFO: 零件号检测进度: 72.0%
2021-01-27 13:31:55,562 - HMI.py[line:348] - INFO: 零件号检测进度: 76.0%
2021-01-27 13:31:55,599 - HMI.py[line:348] - INFO: 零件号检测进度: 80.0%
2021-01-27 13:31:55,635 - HMI.py[line:348] - INFO: 零件号检测进度: 84.0%
2021-01-27 13:31:55,683 - HMI.py[line:348] - INFO: 零件号检测进度: 88.0%
2021-01-27 13:31:55,731 - HMI.py[line:348] - INFO: 零件号检测进度: 92.0%
2021-01-27 13:31:55,781 - HMI.py[line:348] - INFO: 零件号检测进度: 96.0%
2021-01-27 13:31:55,829 - HMI.py[line:348] - INFO: 零件号检测进度: 100.0%
2021-01-27 13:31:55,829 - HMI.py[line:348] - INFO: 零件号检测完成。
2021-01-27 13:31:55,929 - HMI.py[line:348] - INFO: 开始检测零件号 E:/Projects/Part_Number/dataset/test_single\2021-01-22_18_41_03_911.png ...
2021-01-27 13:31:56,226 - HMI.py[line:348] - INFO: 零件号检测进度: 4.0%
2021-01-27 13:31:56,281 - HMI.py[line:348] - INFO: 零件号检测进度: 8.0%
2021-01-27 13:31:56,328 - HMI.py[line:348] - INFO: 零件号检测进度: 12.0%
2021-01-27 13:31:56,376 - HMI.py[line:348] - INFO: 零件号检测进度: 16.0%
2021-01-27 13:31:56,424 - HMI.py[line:348] - INFO: 零件号检测进度: 20.0%
2021-01-27 13:31:56,464 - HMI.py[line:348] - INFO: 零件号检测进度: 24.0%
2021-01-27 13:31:56,500 - HMI.py[line:348] - INFO: 零件号检测进度: 28.000000000000004%
2021-01-27 13:31:56,538 - HMI.py[line:348] - INFO: 零件号检测进度: 32.0%
2021-01-27 13:31:56,574 - HMI.py[line:348] - INFO: 零件号检测进度: 36.0%
2021-01-27 13:31:56,610 - HMI.py[line:348] - INFO: 零件号检测进度: 40.0%
2021-01-27 13:31:56,648 - HMI.py[line:348] - INFO: 零件号检测进度: 44.0%
2021-01-27 13:31:56,695 - HMI.py[line:348] - INFO: 零件号检测进度: 48.0%
2021-01-27 13:31:56,743 - HMI.py[line:348] - INFO: 零件号检测进度: 52.0%
2021-01-27 13:31:56,791 - HMI.py[line:348] - INFO: 零件号检测进度: 56.00000000000001%
2021-01-27 13:31:56,841 - HMI.py[line:348] - INFO: 零件号检测进度: 60.0%
2021-01-27 13:31:56,879 - HMI.py[line:348] - INFO: 零件号检测进度: 64.0%
2021-01-27 13:31:56,917 - HMI.py[line:348] - INFO: 零件号检测进度: 68.0%
2021-01-27 13:31:56,953 - HMI.py[line:348] - INFO: 零件号检测进度: 72.0%
2021-01-27 13:31:56,991 - HMI.py[line:348] - INFO: 零件号检测进度: 76.0%
2021-01-27 13:31:57,029 - HMI.py[line:348] - INFO: 零件号检测进度: 80.0%
2021-01-27 13:31:57,067 - HMI.py[line:348] - INFO: 零件号检测进度: 84.0%
2021-01-27 13:31:57,114 - HMI.py[line:348] - INFO: 零件号检测进度: 88.0%
2021-01-27 13:31:57,160 - HMI.py[line:348] - INFO: 零件号检测进度: 92.0%
2021-01-27 13:31:57,208 - HMI.py[line:348] - INFO: 零件号检测进度: 96.0%
2021-01-27 13:31:57,258 - HMI.py[line:348] - INFO: 零件号检测进度: 100.0%
2021-01-27 13:31:57,258 - HMI.py[line:348] - INFO: 零件号检测完成。
2021-01-27 13:32:00,689 - HMI.py[line:348] - INFO: Creating reports ...
2021-01-27 13:39:04,117 - HMI.py[line:348] - INFO: i-shopOCR user interface has been closed.

2021-01-27 13:39:16,375 - HMI.py[line:348] - INFO: 开始检测交接单 E:/Projects/Part_Number/dataset/doc\2021-01-13_18_42_00_660.bmp ...
2021-01-27 13:39:17,521 - HMI.py[line:348] - INFO: 交接单检测完成。
2021-01-27 13:39:17,600 - HMI.py[line:348] - INFO: 开始检测交接单 E:/Projects/Part_Number/dataset/doc\doc_2.png ...
2021-01-27 13:39:18,280 - HMI.py[line:348] - INFO: 交接单检测完成。
2021-01-27 13:39:32,211 - HMI.py[line:348] - INFO: 开始检测零件号 E:/Projects/Part_Number/dataset/test_single\2021-01-22_17_58_11_147.png ...
2021-01-27 13:39:32,516 - HMI.py[line:348] - INFO: 零件号检测进度: 4.0%
2021-01-27 13:39:32,573 - HMI.py[line:348] - INFO: 零件号检测进度: 8.0%
2021-01-27 13:39:32,623 - HMI.py[line:348] - INFO: 零件号检测进度: 12.0%
2021-01-27 13:39:32,671 - HMI.py[line:348] - INFO: 零件号检测进度: 16.0%
2021-01-27 13:39:32,719 - HMI.py[line:348] - INFO: 零件号检测进度: 20.0%
2021-01-27 13:39:32,757 - HMI.py[line:348] - INFO: 零件号检测进度: 24.0%
2021-01-27 13:39:32,793 - HMI.py[line:348] - INFO: 零件号检测进度: 28.000000000000004%
2021-01-27 13:39:32,829 - HMI.py[line:348] - INFO: 零件号检测进度: 32.0%
2021-01-27 13:39:32,867 - HMI.py[line:348] - INFO: 零件号检测进度: 36.0%
2021-01-27 13:39:32,905 - HMI.py[line:348] - INFO: 零件号检测进度: 40.0%
2021-01-27 13:39:32,940 - HMI.py[line:348] - INFO: 零件号检测进度: 44.0%
2021-01-27 13:39:32,976 - HMI.py[line:348] - INFO: 零件号检测进度: 48.0%
2021-01-27 13:39:33,014 - HMI.py[line:348] - INFO: 零件号检测进度: 52.0%
2021-01-27 13:39:33,062 - HMI.py[line:348] - INFO: 零件号检测进度: 56.00000000000001%
2021-01-27 13:39:33,110 - HMI.py[line:348] - INFO: 零件号检测进度: 60.0%
2021-01-27 13:39:33,148 - HMI.py[line:348] - INFO: 零件号检测进度: 64.0%
2021-01-27 13:39:33,184 - HMI.py[line:348] - INFO: 零件号检测进度: 68.0%
2021-01-27 13:39:33,222 - HMI.py[line:348] - INFO: 零件号检测进度: 72.0%
2021-01-27 13:39:33,260 - HMI.py[line:348] - INFO: 零件号检测进度: 76.0%
2021-01-27 13:39:33,296 - HMI.py[line:348] - INFO: 零件号检测进度: 80.0%
2021-01-27 13:39:33,334 - HMI.py[line:348] - INFO: 零件号检测进度: 84.0%
2021-01-27 13:39:33,386 - HMI.py[line:348] - INFO: 零件号检测进度: 88.0%
2021-01-27 13:39:33,432 - HMI.py[line:348] - INFO: 零件号检测进度: 92.0%
2021-01-27 13:39:33,482 - HMI.py[line:348] - INFO: 零件号检测进度: 96.0%
2021-01-27 13:39:33,530 - HMI.py[line:348] - INFO: 零件号检测进度: 100.0%
2021-01-27 13:39:33,530 - HMI.py[line:348] - INFO: 零件号检测完成。
2021-01-27 13:39:33,621 - HMI.py[line:348] - INFO: 开始检测零件号 E:/Projects/Part_Number/dataset/test_single\2021-01-22_18_00_02_285.png ...
2021-01-27 13:39:33,915 - HMI.py[line:348] - INFO: 零件号检测进度: 4.0%
2021-01-27 13:39:33,971 - HMI.py[line:348] - INFO: 零件号检测进度: 8.0%
2021-01-27 13:39:34,018 - HMI.py[line:348] - INFO: 零件号检测进度: 12.0%
2021-01-27 13:39:34,068 - HMI.py[line:348] - INFO: 零件号检测进度: 16.0%
2021-01-27 13:39:34,114 - HMI.py[line:348] - INFO: 零件号检测进度: 20.0%
2021-01-27 13:39:34,152 - HMI.py[line:348] - INFO: 零件号检测进度: 24.0%
2021-01-27 13:39:34,190 - HMI.py[line:348] - INFO: 零件号检测进度: 28.000000000000004%
2021-01-27 13:39:34,226 - HMI.py[line:348] - INFO: 零件号检测进度: 32.0%
2021-01-27 13:39:34,266 - HMI.py[line:348] - INFO: 零件号检测进度: 36.0%
2021-01-27 13:39:34,304 - HMI.py[line:348] - INFO: 零件号检测进度: 40.0%
2021-01-27 13:39:34,340 - HMI.py[line:348] - INFO: 零件号检测进度: 44.0%
2021-01-27 13:39:34,387 - HMI.py[line:348] - INFO: 零件号检测进度: 48.0%
2021-01-27 13:39:34,435 - HMI.py[line:348] - INFO: 零件号检测进度: 52.0%
2021-01-27 13:39:34,483 - HMI.py[line:348] - INFO: 零件号检测进度: 56.00000000000001%
2021-01-27 13:39:34,529 - HMI.py[line:348] - INFO: 零件号检测进度: 60.0%
2021-01-27 13:39:34,568 - HMI.py[line:348] - INFO: 零件号检测进度: 64.0%
2021-01-27 13:39:34,604 - HMI.py[line:348] - INFO: 零件号检测进度: 68.0%
2021-01-27 13:39:34,642 - HMI.py[line:348] - INFO: 零件号检测进度: 72.0%
2021-01-27 13:39:34,678 - HMI.py[line:348] - INFO: 零件号检测进度: 76.0%
2021-01-27 13:39:34,713 - HMI.py[line:348] - INFO: 零件号检测进度: 80.0%
2021-01-27 13:39:34,751 - HMI.py[line:348] - INFO: 零件号检测进度: 84.0%
2021-01-27 13:39:34,797 - HMI.py[line:348] - INFO: 零件号检测进度: 88.0%
2021-01-27 13:39:34,845 - HMI.py[line:348] - INFO: 零件号检测进度: 92.0%
2021-01-27 13:39:34,893 - HMI.py[line:348] - INFO: 零件号检测进度: 96.0%
2021-01-27 13:39:34,941 - HMI.py[line:348] - INFO: 零件号检测进度: 100.0%
2021-01-27 13:39:34,941 - HMI.py[line:348] - INFO: 零件号检测完成。
2021-01-27 13:39:35,037 - HMI.py[line:348] - INFO: 开始检测零件号 E:/Projects/Part_Number/dataset/test_single\2021-01-22_18_41_03_911.png ...
2021-01-27 13:39:35,333 - HMI.py[line:348] - INFO: 零件号检测进度: 4.0%
2021-01-27 13:39:35,387 - HMI.py[line:348] - INFO: 零件号检测进度: 8.0%
2021-01-27 13:39:35,434 - HMI.py[line:348] - INFO: 零件号检测进度: 12.0%
2021-01-27 13:39:35,482 - HMI.py[line:348] - INFO: 零件号检测进度: 16.0%
2021-01-27 13:39:35,528 - HMI.py[line:348] - INFO: 零件号检测进度: 20.0%
2021-01-27 13:39:35,566 - HMI.py[line:348] - INFO: 零件号检测进度: 24.0%
2021-01-27 13:39:35,602 - HMI.py[line:348] - INFO: 零件号检测进度: 28.000000000000004%
2021-01-27 13:39:35,640 - HMI.py[line:348] - INFO: 零件号检测进度: 32.0%
2021-01-27 13:39:35,676 - HMI.py[line:348] - INFO: 零件号检测进度: 36.0%
2021-01-27 13:39:35,712 - HMI.py[line:348] - INFO: 零件号检测进度: 40.0%
2021-01-27 13:39:35,748 - HMI.py[line:348] - INFO: 零件号检测进度: 44.0%
2021-01-27 13:39:35,795 - HMI.py[line:348] - INFO: 零件号检测进度: 48.0%
2021-01-27 13:39:35,843 - HMI.py[line:348] - INFO: 零件号检测进度: 52.0%
2021-01-27 13:39:35,891 - HMI.py[line:348] - INFO: 零件号检测进度: 56.00000000000001%
2021-01-27 13:39:35,939 - HMI.py[line:348] - INFO: 零件号检测进度: 60.0%
2021-01-27 13:39:35,975 - HMI.py[line:348] - INFO: 零件号检测进度: 64.0%
2021-01-27 13:39:36,013 - HMI.py[line:348] - INFO: 零件号检测进度: 68.0%
2021-01-27 13:39:36,049 - HMI.py[line:348] - INFO: 零件号检测进度: 72.0%
2021-01-27 13:39:36,087 - HMI.py[line:348] - INFO: 零件号检测进度: 76.0%
2021-01-27 13:39:36,125 - HMI.py[line:348] - INFO: 零件号检测进度: 80.0%
2021-01-27 13:39:36,160 - HMI.py[line:348] - INFO: 零件号检测进度: 84.0%
2021-01-27 13:39:36,208 - HMI.py[line:348] - INFO: 零件号检测进度: 88.0%
2021-01-27 13:39:36,255 - HMI.py[line:348] - INFO: 零件号检测进度: 92.0%
2021-01-27 13:39:36,303 - HMI.py[line:348] - INFO: 零件号检测进度: 96.0%
2021-01-27 13:39:36,351 - HMI.py[line:348] - INFO: 零件号检测进度: 100.0%
2021-01-27 13:39:36,351 - HMI.py[line:348] - INFO: 零件号检测完成。
2021-01-27 13:39:39,269 - HMI.py[line:348] - INFO: Creating reports ...
2021-01-27 13:44:47,717 - HMI.py[line:348] - INFO: i-shopOCR user interface has been closed.

2021-01-27 13:45:40,544 - HMI.py[line:348] - INFO: 开始检测交接单 E:/Projects/Part_Number/dataset/doc\2021-01-13_18_42_00_660.bmp ...
2021-01-27 13:45:42,311 - HMI.py[line:348] - INFO: 交接单检测完成。
2021-01-27 13:45:42,393 - HMI.py[line:348] - INFO: 开始检测交接单 E:/Projects/Part_Number/dataset/doc\doc_2.png ...
2021-01-27 13:45:43,051 - HMI.py[line:348] - INFO: 交接单检测完成。
2021-01-27 13:45:44,040 - HMI.py[line:348] - INFO: 开始检测零件号 E:/Projects/Part_Number/dataset/test_single\2021-01-22_17_58_11_147.png ...
2021-01-27 13:45:44,340 - HMI.py[line:348] - INFO: 零件号检测进度: 4.0%
2021-01-27 13:45:44,396 - HMI.py[line:348] - INFO: 零件号检测进度: 8.0%
2021-01-27 13:45:44,445 - HMI.py[line:348] - INFO: 零件号检测进度: 12.0%
2021-01-27 13:45:44,495 - HMI.py[line:348] - INFO: 零件号检测进度: 16.0%
2021-01-27 13:45:44,543 - HMI.py[line:348] - INFO: 零件号检测进度: 20.0%
2021-01-27 13:45:44,581 - HMI.py[line:348] - INFO: 零件号检测进度: 24.0%
2021-01-27 13:45:44,617 - HMI.py[line:348] - INFO: 零件号检测进度: 28.000000000000004%
2021-01-27 13:45:44,655 - HMI.py[line:348] - INFO: 零件号检测进度: 32.0%
2021-01-27 13:45:44,693 - HMI.py[line:348] - INFO: 零件号检测进度: 36.0%
2021-01-27 13:45:44,729 - HMI.py[line:348] - INFO: 零件号检测进度: 40.0%
2021-01-27 13:45:44,767 - HMI.py[line:348] - INFO: 零件号检测进度: 44.0%
2021-01-27 13:45:44,805 - HMI.py[line:348] - INFO: 零件号检测进度: 48.0%
2021-01-27 13:45:44,841 - HMI.py[line:348] - INFO: 零件号检测进度: 52.0%
2021-01-27 13:45:44,890 - HMI.py[line:348] - INFO: 零件号检测进度: 56.00000000000001%
2021-01-27 13:45:44,938 - HMI.py[line:348] - INFO: 零件号检测进度: 60.0%
2021-01-27 13:45:44,976 - HMI.py[line:348] - INFO: 零件号检测进度: 64.0%
2021-01-27 13:45:45,014 - HMI.py[line:348] - INFO: 零件号检测进度: 68.0%
2021-01-27 13:45:45,050 - HMI.py[line:348] - INFO: 零件号检测进度: 72.0%
2021-01-27 13:45:45,088 - HMI.py[line:348] - INFO: 零件号检测进度: 76.0%
2021-01-27 13:45:45,124 - HMI.py[line:348] - INFO: 零件号检测进度: 80.0%
2021-01-27 13:45:45,162 - HMI.py[line:348] - INFO: 零件号检测进度: 84.0%
2021-01-27 13:45:45,210 - HMI.py[line:348] - INFO: 零件号检测进度: 88.0%
2021-01-27 13:45:45,258 - HMI.py[line:348] - INFO: 零件号检测进度: 92.0%
2021-01-27 13:45:45,306 - HMI.py[line:348] - INFO: 零件号检测进度: 96.0%
2021-01-27 13:45:45,356 - HMI.py[line:348] - INFO: 零件号检测进度: 100.0%
2021-01-27 13:45:45,356 - HMI.py[line:348] - INFO: 零件号检测完成。
2021-01-27 13:45:45,448 - HMI.py[line:348] - INFO: 开始检测零件号 E:/Projects/Part_Number/dataset/test_single\2021-01-22_18_00_02_285.png ...
2021-01-27 13:45:45,739 - HMI.py[line:348] - INFO: 零件号检测进度: 4.0%
2021-01-27 13:45:45,795 - HMI.py[line:348] - INFO: 零件号检测进度: 8.0%
2021-01-27 13:45:45,845 - HMI.py[line:348] - INFO: 零件号检测进度: 12.0%
2021-01-27 13:45:45,893 - HMI.py[line:348] - INFO: 零件号检测进度: 16.0%
2021-01-27 13:45:45,940 - HMI.py[line:348] - INFO: 零件号检测进度: 20.0%
2021-01-27 13:45:45,976 - HMI.py[line:348] - INFO: 零件号检测进度: 24.0%
2021-01-27 13:45:46,014 - HMI.py[line:348] - INFO: 零件号检测进度: 28.000000000000004%
2021-01-27 13:45:46,052 - HMI.py[line:348] - INFO: 零件号检测进度: 32.0%
2021-01-27 13:45:46,088 - HMI.py[line:348] - INFO: 零件号检测进度: 36.0%
2021-01-27 13:45:46,126 - HMI.py[line:348] - INFO: 零件号检测进度: 40.0%
2021-01-27 13:45:46,162 - HMI.py[line:348] - INFO: 零件号检测进度: 44.0%
2021-01-27 13:45:46,210 - HMI.py[line:348] - INFO: 零件号检测进度: 48.0%
2021-01-27 13:45:46,258 - HMI.py[line:348] - INFO: 零件号检测进度: 52.0%
2021-01-27 13:45:46,306 - HMI.py[line:348] - INFO: 零件号检测进度: 56.00000000000001%
2021-01-27 13:45:46,354 - HMI.py[line:348] - INFO: 零件号检测进度: 60.0%
2021-01-27 13:45:46,392 - HMI.py[line:348] - INFO: 零件号检测进度: 64.0%
2021-01-27 13:45:46,428 - HMI.py[line:348] - INFO: 零件号检测进度: 68.0%
2021-01-27 13:45:46,466 - HMI.py[line:348] - INFO: 零件号检测进度: 72.0%
2021-01-27 13:45:46,501 - HMI.py[line:348] - INFO: 零件号检测进度: 76.0%
2021-01-27 13:45:46,539 - HMI.py[line:348] - INFO: 零件号检测进度: 80.0%
2021-01-27 13:45:46,575 - HMI.py[line:348] - INFO: 零件号检测进度: 84.0%
2021-01-27 13:45:46,623 - HMI.py[line:348] - INFO: 零件号检测进度: 88.0%
2021-01-27 13:45:46,671 - HMI.py[line:348] - INFO: 零件号检测进度: 92.0%
2021-01-27 13:45:46,719 - HMI.py[line:348] - INFO: 零件号检测进度: 96.0%
2021-01-27 13:45:46,767 - HMI.py[line:348] - INFO: 零件号检测进度: 100.0%
2021-01-27 13:45:46,767 - HMI.py[line:348] - INFO: 零件号检测完成。
2021-01-27 13:45:46,863 - HMI.py[line:348] - INFO: 开始检测零件号 E:/Projects/Part_Number/dataset/test_single\2021-01-22_18_41_03_911.png ...
2021-01-27 13:45:47,158 - HMI.py[line:348] - INFO: 零件号检测进度: 4.0%
2021-01-27 13:45:47,212 - HMI.py[line:348] - INFO: 零件号检测进度: 8.0%
2021-01-27 13:45:47,259 - HMI.py[line:348] - INFO: 零件号检测进度: 12.0%
2021-01-27 13:45:47,307 - HMI.py[line:348] - INFO: 零件号检测进度: 16.0%
2021-01-27 13:45:47,355 - HMI.py[line:348] - INFO: 零件号检测进度: 20.0%
2021-01-27 13:45:47,393 - HMI.py[line:348] - INFO: 零件号检测进度: 24.0%
2021-01-27 13:45:47,429 - HMI.py[line:348] - INFO: 零件号检测进度: 28.000000000000004%
2021-01-27 13:45:47,467 - HMI.py[line:348] - INFO: 零件号检测进度: 32.0%
2021-01-27 13:45:47,505 - HMI.py[line:348] - INFO: 零件号检测进度: 36.0%
2021-01-27 13:45:47,541 - HMI.py[line:348] - INFO: 零件号检测进度: 40.0%
2021-01-27 13:45:47,576 - HMI.py[line:348] - INFO: 零件号检测进度: 44.0%
2021-01-27 13:45:47,624 - HMI.py[line:348] - INFO: 零件号检测进度: 48.0%
2021-01-27 13:45:47,672 - HMI.py[line:348] - INFO: 零件号检测进度: 52.0%
2021-01-27 13:45:47,720 - HMI.py[line:348] - INFO: 零件号检测进度: 56.00000000000001%
2021-01-27 13:45:47,768 - HMI.py[line:348] - INFO: 零件号检测进度: 60.0%
2021-01-27 13:45:47,806 - HMI.py[line:348] - INFO: 零件号检测进度: 64.0%
2021-01-27 13:45:47,842 - HMI.py[line:348] - INFO: 零件号检测进度: 68.0%
2021-01-27 13:45:47,880 - HMI.py[line:348] - INFO: 零件号检测进度: 72.0%
2021-01-27 13:45:47,918 - HMI.py[line:348] - INFO: 零件号检测进度: 76.0%
2021-01-27 13:45:47,953 - HMI.py[line:348] - INFO: 零件号检测进度: 80.0%
2021-01-27 13:45:47,991 - HMI.py[line:348] - INFO: 零件号检测进度: 84.0%
2021-01-27 13:45:48,039 - HMI.py[line:348] - INFO: 零件号检测进度: 88.0%
2021-01-27 13:45:48,087 - HMI.py[line:348] - INFO: 零件号检测进度: 92.0%
2021-01-27 13:45:48,133 - HMI.py[line:348] - INFO: 零件号检测进度: 96.0%
2021-01-27 13:45:48,181 - HMI.py[line:348] - INFO: 零件号检测进度: 100.0%
2021-01-27 13:45:48,183 - HMI.py[line:348] - INFO: 零件号检测完成。
2021-01-27 13:45:51,346 - HMI.py[line:348] - INFO: Creating reports ...
2021-01-27 13:46:53,006 - HMI.py[line:348] - INFO: i-shopOCR user interface has been closed.

2021-01-27 13:49:58,424 - HMI.py[line:348] - INFO: 开始检测交接单 E:/Projects/Part_Number/dataset/doc\2021-01-13_18_42_00_660.bmp ...
2021-01-27 13:49:59,606 - HMI.py[line:348] - INFO: 交接单检测完成。
2021-01-27 13:49:59,686 - HMI.py[line:348] - INFO: 开始检测交接单 E:/Projects/Part_Number/dataset/doc\doc_2.png ...
2021-01-27 13:50:00,344 - HMI.py[line:348] - INFO: 交接单检测完成。
2021-01-27 13:50:15,582 - HMI.py[line:348] - INFO: 开始检测零件号 E:/Projects/Part_Number/dataset/test_single\2021-01-22_17_58_11_147.png ...
2021-01-27 13:50:15,886 - HMI.py[line:348] - INFO: 零件号检测进度: 4.0%
2021-01-27 13:50:15,943 - HMI.py[line:348] - INFO: 零件号检测进度: 8.0%
2021-01-27 13:50:15,991 - HMI.py[line:348] - INFO: 零件号检测进度: 12.0%
2021-01-27 13:50:16,041 - HMI.py[line:348] - INFO: 零件号检测进度: 16.0%
2021-01-27 13:50:16,091 - HMI.py[line:348] - INFO: 零件号检测进度: 20.0%
2021-01-27 13:50:16,129 - HMI.py[line:348] - INFO: 零件号检测进度: 24.0%
2021-01-27 13:50:16,167 - HMI.py[line:348] - INFO: 零件号检测进度: 28.000000000000004%
2021-01-27 13:50:16,205 - HMI.py[line:348] - INFO: 零件号检测进度: 32.0%
2021-01-27 13:50:16,243 - HMI.py[line:348] - INFO: 零件号检测进度: 36.0%
2021-01-27 13:50:16,281 - HMI.py[line:348] - INFO: 零件号检测进度: 40.0%
2021-01-27 13:50:16,319 - HMI.py[line:348] - INFO: 零件号检测进度: 44.0%
2021-01-27 13:50:16,357 - HMI.py[line:348] - INFO: 零件号检测进度: 48.0%
2021-01-27 13:50:16,393 - HMI.py[line:348] - INFO: 零件号检测进度: 52.0%
2021-01-27 13:50:16,443 - HMI.py[line:348] - INFO: 零件号检测进度: 56.00000000000001%
2021-01-27 13:50:16,491 - HMI.py[line:348] - INFO: 零件号检测进度: 60.0%
2021-01-27 13:50:16,528 - HMI.py[line:348] - INFO: 零件号检测进度: 64.0%
2021-01-27 13:50:16,566 - HMI.py[line:348] - INFO: 零件号检测进度: 68.0%
2021-01-27 13:50:16,602 - HMI.py[line:348] - INFO: 零件号检测进度: 72.0%
2021-01-27 13:50:16,640 - HMI.py[line:348] - INFO: 零件号检测进度: 76.0%
2021-01-27 13:50:16,678 - HMI.py[line:348] - INFO: 零件号检测进度: 80.0%
2021-01-27 13:50:16,716 - HMI.py[line:348] - INFO: 零件号检测进度: 84.0%
2021-01-27 13:50:16,764 - HMI.py[line:348] - INFO: 零件号检测进度: 88.0%
2021-01-27 13:50:16,814 - HMI.py[line:348] - INFO: 零件号检测进度: 92.0%
2021-01-27 13:50:16,862 - HMI.py[line:348] - INFO: 零件号检测进度: 96.0%
2021-01-27 13:50:16,910 - HMI.py[line:348] - INFO: 零件号检测进度: 100.0%
2021-01-27 13:50:16,910 - HMI.py[line:348] - INFO: 零件号检测完成。
2021-01-27 13:50:16,997 - HMI.py[line:348] - INFO: 开始检测零件号 E:/Projects/Part_Number/dataset/test_single\2021-01-22_18_00_02_285.png ...
2021-01-27 13:50:17,292 - HMI.py[line:348] - INFO: 零件号检测进度: 4.0%
2021-01-27 13:50:17,346 - HMI.py[line:348] - INFO: 零件号检测进度: 8.0%
2021-01-27 13:50:17,396 - HMI.py[line:348] - INFO: 零件号检测进度: 12.0%
2021-01-27 13:50:17,444 - HMI.py[line:348] - INFO: 零件号检测进度: 16.0%
2021-01-27 13:50:17,492 - HMI.py[line:348] - INFO: 零件号检测进度: 20.0%
2021-01-27 13:50:17,530 - HMI.py[line:348] - INFO: 零件号检测进度: 24.0%
2021-01-27 13:50:17,566 - HMI.py[line:348] - INFO: 零件号检测进度: 28.000000000000004%
2021-01-27 13:50:17,603 - HMI.py[line:348] - INFO: 零件号检测进度: 32.0%
2021-01-27 13:50:17,639 - HMI.py[line:348] - INFO: 零件号检测进度: 36.0%
2021-01-27 13:50:17,677 - HMI.py[line:348] - INFO: 零件号检测进度: 40.0%
2021-01-27 13:50:17,713 - HMI.py[line:348] - INFO: 零件号检测进度: 44.0%
2021-01-27 13:50:17,761 - HMI.py[line:348] - INFO: 零件号检测进度: 48.0%
2021-01-27 13:50:17,809 - HMI.py[line:348] - INFO: 零件号检测进度: 52.0%
2021-01-27 13:50:17,857 - HMI.py[line:348] - INFO: 零件号检测进度: 56.00000000000001%
2021-01-27 13:50:17,905 - HMI.py[line:348] - INFO: 零件号检测进度: 60.0%
2021-01-27 13:50:17,943 - HMI.py[line:348] - INFO: 零件号检测进度: 64.0%
2021-01-27 13:50:17,978 - HMI.py[line:348] - INFO: 零件号检测进度: 68.0%
2021-01-27 13:50:18,016 - HMI.py[line:348] - INFO: 零件号检测进度: 72.0%
2021-01-27 13:50:18,052 - HMI.py[line:348] - INFO: 零件号检测进度: 76.0%
2021-01-27 13:50:18,090 - HMI.py[line:348] - INFO: 零件号检测进度: 80.0%
2021-01-27 13:50:18,126 - HMI.py[line:348] - INFO: 零件号检测进度: 84.0%
2021-01-27 13:50:18,174 - HMI.py[line:348] - INFO: 零件号检测进度: 88.0%
2021-01-27 13:50:18,222 - HMI.py[line:348] - INFO: 零件号检测进度: 92.0%
2021-01-27 13:50:18,270 - HMI.py[line:348] - INFO: 零件号检测进度: 96.0%
2021-01-27 13:50:18,318 - HMI.py[line:348] - INFO: 零件号检测进度: 100.0%
2021-01-27 13:50:18,318 - HMI.py[line:348] - INFO: 零件号检测完成。
2021-01-27 13:50:18,414 - HMI.py[line:348] - INFO: 开始检测零件号 E:/Projects/Part_Number/dataset/test_single\2021-01-22_18_41_03_911.png ...
2021-01-27 13:50:18,707 - HMI.py[line:348] - INFO: 零件号检测进度: 4.0%
2021-01-27 13:50:18,761 - HMI.py[line:348] - INFO: 零件号检测进度: 8.0%
2021-01-27 13:50:18,809 - HMI.py[line:348] - INFO: 零件号检测进度: 12.0%
2021-01-27 13:50:18,855 - HMI.py[line:348] - INFO: 零件号检测进度: 16.0%
2021-01-27 13:50:18,903 - HMI.py[line:348] - INFO: 零件号检测进度: 20.0%
2021-01-27 13:50:18,941 - HMI.py[line:348] - INFO: 零件号检测进度: 24.0%
2021-01-27 13:50:18,979 - HMI.py[line:348] - INFO: 零件号检测进度: 28.000000000000004%
2021-01-27 13:50:19,016 - HMI.py[line:348] - INFO: 零件号检测进度: 32.0%
2021-01-27 13:50:19,052 - HMI.py[line:348] - INFO: 零件号检测进度: 36.0%
2021-01-27 13:50:19,090 - HMI.py[line:348] - INFO: 零件号检测进度: 40.0%
2021-01-27 13:50:19,126 - HMI.py[line:348] - INFO: 零件号检测进度: 44.0%
2021-01-27 13:50:19,174 - HMI.py[line:348] - INFO: 零件号检测进度: 48.0%
2021-01-27 13:50:19,222 - HMI.py[line:348] - INFO: 零件号检测进度: 52.0%
2021-01-27 13:50:19,270 - HMI.py[line:348] - INFO: 零件号检测进度: 56.00000000000001%
2021-01-27 13:50:19,317 - HMI.py[line:348] - INFO: 零件号检测进度: 60.0%
2021-01-27 13:50:19,355 - HMI.py[line:348] - INFO: 零件号检测进度: 64.0%
2021-01-27 13:50:19,391 - HMI.py[line:348] - INFO: 零件号检测进度: 68.0%
2021-01-27 13:50:19,429 - HMI.py[line:348] - INFO: 零件号检测进度: 72.0%
2021-01-27 13:50:19,465 - HMI.py[line:348] - INFO: 零件号检测进度: 76.0%
2021-01-27 13:50:19,503 - HMI.py[line:348] - INFO: 零件号检测进度: 80.0%
2021-01-27 13:50:19,539 - HMI.py[line:348] - INFO: 零件号检测进度: 84.0%
2021-01-27 13:50:19,587 - HMI.py[line:348] - INFO: 零件号检测进度: 88.0%
2021-01-27 13:50:19,635 - HMI.py[line:348] - INFO: 零件号检测进度: 92.0%
2021-01-27 13:50:19,682 - HMI.py[line:348] - INFO: 零件号检测进度: 96.0%
2021-01-27 13:50:19,730 - HMI.py[line:348] - INFO: 零件号检测进度: 100.0%
2021-01-27 13:50:19,730 - HMI.py[line:348] - INFO: 零件号检测完成。
2021-01-27 13:50:26,299 - HMI.py[line:348] - INFO: Creating reports ...
2021-01-27 13:55:59,267 - HMI.py[line:348] - INFO: i-shopOCR user interface has been closed.

2021-01-27 13:56:35,915 - HMI.py[line:350] - INFO: 开始检测交接单 E:/Projects/Part_Number/dataset/doc\2021-01-13_18_42_00_660.bmp ...
2021-01-27 13:56:37,061 - HMI.py[line:350] - INFO: 交接单检测完成。
2021-01-27 13:56:37,143 - HMI.py[line:350] - INFO: 开始检测交接单 E:/Projects/Part_Number/dataset/doc\doc_2.png ...
2021-01-27 13:56:37,804 - HMI.py[line:350] - INFO: 交接单检测完成。
2021-01-27 13:56:38,443 - HMI.py[line:350] - INFO: 开始检测零件号 E:/Projects/Part_Number/dataset/test_single\2021-01-22_17_58_11_147.png ...
2021-01-27 13:56:38,748 - HMI.py[line:350] - INFO: 零件号检测进度: 4.0%
2021-01-27 13:56:38,804 - HMI.py[line:350] - INFO: 零件号检测进度: 8.0%
2021-01-27 13:56:38,852 - HMI.py[line:350] - INFO: 零件号检测进度: 12.0%
2021-01-27 13:56:38,900 - HMI.py[line:350] - INFO: 零件号检测进度: 16.0%
2021-01-27 13:56:38,950 - HMI.py[line:350] - INFO: 零件号检测进度: 20.0%
2021-01-27 13:56:38,985 - HMI.py[line:350] - INFO: 零件号检测进度: 24.0%
2021-01-27 13:56:39,021 - HMI.py[line:350] - INFO: 零件号检测进度: 28.000000000000004%
2021-01-27 13:56:39,059 - HMI.py[line:350] - INFO: 零件号检测进度: 32.0%
2021-01-27 13:56:39,097 - HMI.py[line:350] - INFO: 零件号检测进度: 36.0%
2021-01-27 13:56:39,133 - HMI.py[line:350] - INFO: 零件号检测进度: 40.0%
2021-01-27 13:56:39,171 - HMI.py[line:350] - INFO: 零件号检测进度: 44.0%
2021-01-27 13:56:39,209 - HMI.py[line:350] - INFO: 零件号检测进度: 48.0%
2021-01-27 13:56:39,246 - HMI.py[line:350] - INFO: 零件号检测进度: 52.0%
2021-01-27 13:56:39,294 - HMI.py[line:350] - INFO: 零件号检测进度: 56.00000000000001%
2021-01-27 13:56:39,342 - HMI.py[line:350] - INFO: 零件号检测进度: 60.0%
2021-01-27 13:56:39,380 - HMI.py[line:350] - INFO: 零件号检测进度: 64.0%
2021-01-27 13:56:39,418 - HMI.py[line:350] - INFO: 零件号检测进度: 68.0%
2021-01-27 13:56:39,454 - HMI.py[line:350] - INFO: 零件号检测进度: 72.0%
2021-01-27 13:56:39,492 - HMI.py[line:350] - INFO: 零件号检测进度: 76.0%
2021-01-27 13:56:39,530 - HMI.py[line:350] - INFO: 零件号检测进度: 80.0%
2021-01-27 13:56:39,566 - HMI.py[line:350] - INFO: 零件号检测进度: 84.0%
2021-01-27 13:56:39,613 - HMI.py[line:350] - INFO: 零件号检测进度: 88.0%
2021-01-27 13:56:39,661 - HMI.py[line:350] - INFO: 零件号检测进度: 92.0%
2021-01-27 13:56:39,711 - HMI.py[line:350] - INFO: 零件号检测进度: 96.0%
2021-01-27 13:56:39,759 - HMI.py[line:350] - INFO: 零件号检测进度: 100.0%
2021-01-27 13:56:39,761 - HMI.py[line:350] - INFO: 零件号检测完成。
2021-01-27 13:56:39,851 - HMI.py[line:350] - INFO: 开始检测零件号 E:/Projects/Part_Number/dataset/test_single\2021-01-22_18_00_02_285.png ...
2021-01-27 13:56:40,144 - HMI.py[line:350] - INFO: 零件号检测进度: 4.0%
2021-01-27 13:56:40,200 - HMI.py[line:350] - INFO: 零件号检测进度: 8.0%
2021-01-27 13:56:40,248 - HMI.py[line:350] - INFO: 零件号检测进度: 12.0%
2021-01-27 13:56:40,298 - HMI.py[line:350] - INFO: 零件号检测进度: 16.0%
2021-01-27 13:56:40,346 - HMI.py[line:350] - INFO: 零件号检测进度: 20.0%
2021-01-27 13:56:40,384 - HMI.py[line:350] - INFO: 零件号检测进度: 24.0%
2021-01-27 13:56:40,422 - HMI.py[line:350] - INFO: 零件号检测进度: 28.000000000000004%
2021-01-27 13:56:40,458 - HMI.py[line:350] - INFO: 零件号检测进度: 32.0%
2021-01-27 13:56:40,496 - HMI.py[line:350] - INFO: 零件号检测进度: 36.0%
2021-01-27 13:56:40,534 - HMI.py[line:350] - INFO: 零件号检测进度: 40.0%
2021-01-27 13:56:40,572 - HMI.py[line:350] - INFO: 零件号检测进度: 44.0%
2021-01-27 13:56:40,621 - HMI.py[line:350] - INFO: 零件号检测进度: 48.0%
2021-01-27 13:56:40,673 - HMI.py[line:350] - INFO: 零件号检测进度: 52.0%
2021-01-27 13:56:40,723 - HMI.py[line:350] - INFO: 零件号检测进度: 56.00000000000001%
2021-01-27 13:56:40,775 - HMI.py[line:350] - INFO: 零件号检测进度: 60.0%
2021-01-27 13:56:40,815 - HMI.py[line:350] - INFO: 零件号检测进度: 64.0%
2021-01-27 13:56:40,851 - HMI.py[line:350] - INFO: 零件号检测进度: 68.0%
2021-01-27 13:56:40,887 - HMI.py[line:350] - INFO: 零件号检测进度: 72.0%
2021-01-27 13:56:40,925 - HMI.py[line:350] - INFO: 零件号检测进度: 76.0%
2021-01-27 13:56:40,963 - HMI.py[line:350] - INFO: 零件号检测进度: 80.0%
2021-01-27 13:56:40,999 - HMI.py[line:350] - INFO: 零件号检测进度: 84.0%
2021-01-27 13:56:41,050 - HMI.py[line:350] - INFO: 零件号检测进度: 88.0%
2021-01-27 13:56:41,100 - HMI.py[line:350] - INFO: 零件号检测进度: 92.0%
2021-01-27 13:56:41,147 - HMI.py[line:350] - INFO: 零件号检测进度: 96.0%
2021-01-27 13:56:41,195 - HMI.py[line:350] - INFO: 零件号检测进度: 100.0%
2021-01-27 13:56:41,195 - HMI.py[line:350] - INFO: 零件号检测完成。
2021-01-27 13:56:41,293 - HMI.py[line:350] - INFO: 开始检测零件号 E:/Projects/Part_Number/dataset/test_single\2021-01-22_18_41_03_911.png ...
2021-01-27 13:56:41,596 - HMI.py[line:350] - INFO: 零件号检测进度: 4.0%
2021-01-27 13:56:41,650 - HMI.py[line:350] - INFO: 零件号检测进度: 8.0%
2021-01-27 13:56:41,700 - HMI.py[line:350] - INFO: 零件号检测进度: 12.0%
2021-01-27 13:56:41,748 - HMI.py[line:350] - INFO: 零件号检测进度: 16.0%
2021-01-27 13:56:41,798 - HMI.py[line:350] - INFO: 零件号检测进度: 20.0%
2021-01-27 13:56:41,835 - HMI.py[line:350] - INFO: 零件号检测进度: 24.0%
2021-01-27 13:56:41,871 - HMI.py[line:350] - INFO: 零件号检测进度: 28.000000000000004%
2021-01-27 13:56:41,909 - HMI.py[line:350] - INFO: 零件号检测进度: 32.0%
2021-01-27 13:56:41,947 - HMI.py[line:350] - INFO: 零件号检测进度: 36.0%
2021-01-27 13:56:41,983 - HMI.py[line:350] - INFO: 零件号检测进度: 40.0%
2021-01-27 13:56:42,021 - HMI.py[line:350] - INFO: 零件号检测进度: 44.0%
2021-01-27 13:56:42,067 - HMI.py[line:350] - INFO: 零件号检测进度: 48.0%
2021-01-27 13:56:42,115 - HMI.py[line:350] - INFO: 零件号检测进度: 52.0%
2021-01-27 13:56:42,163 - HMI.py[line:350] - INFO: 零件号检测进度: 56.00000000000001%
2021-01-27 13:56:42,210 - HMI.py[line:350] - INFO: 零件号检测进度: 60.0%
2021-01-27 13:56:42,249 - HMI.py[line:350] - INFO: 零件号检测进度: 64.0%
2021-01-27 13:56:42,285 - HMI.py[line:350] - INFO: 零件号检测进度: 68.0%
2021-01-27 13:56:42,322 - HMI.py[line:350] - INFO: 零件号检测进度: 72.0%
2021-01-27 13:56:42,359 - HMI.py[line:350] - INFO: 零件号检测进度: 76.0%
2021-01-27 13:56:42,396 - HMI.py[line:350] - INFO: 零件号检测进度: 80.0%
2021-01-27 13:56:42,433 - HMI.py[line:350] - INFO: 零件号检测进度: 84.0%
2021-01-27 13:56:42,482 - HMI.py[line:350] - INFO: 零件号检测进度: 88.0%
2021-01-27 13:56:42,529 - HMI.py[line:350] - INFO: 零件号检测进度: 92.0%
2021-01-27 13:56:42,577 - HMI.py[line:350] - INFO: 零件号检测进度: 96.0%
2021-01-27 13:56:42,625 - HMI.py[line:350] - INFO: 零件号检测进度: 100.0%
2021-01-27 13:56:42,626 - HMI.py[line:350] - INFO: 零件号检测完成。
2021-01-27 13:56:47,044 - HMI.py[line:350] - INFO: 报告生成中 ...
2021-01-27 13:56:47,048 - HMI.py[line:350] - INFO: 报告生成完成。
2021-01-27 13:59:33,778 - HMI.py[line:350] - INFO: 开始检测交接单 E:/Projects/Part_Number/dataset/doc\2021-01-13_18_42_00_660.bmp ...
2021-01-27 13:59:34,426 - HMI.py[line:350] - INFO: 交接单检测完成。
2021-01-27 13:59:34,511 - HMI.py[line:350] - INFO: 开始检测交接单 E:/Projects/Part_Number/dataset/doc\doc_2.png ...
2021-01-27 13:59:35,163 - HMI.py[line:350] - INFO: 交接单检测完成。
2021-01-27 13:59:36,651 - HMI.py[line:350] - INFO: 开始检测零件号 E:/Projects/Part_Number/dataset/test_single\2021-01-22_17_58_11_147.png ...
2021-01-27 13:59:36,954 - HMI.py[line:350] - INFO: 零件号检测进度: 4.0%
2021-01-27 13:59:37,004 - HMI.py[line:350] - INFO: 零件号检测进度: 8.0%
2021-01-27 13:59:37,052 - HMI.py[line:350] - INFO: 零件号检测进度: 12.0%
2021-01-27 13:59:37,100 - HMI.py[line:350] - INFO: 零件号检测进度: 16.0%
2021-01-27 13:59:37,150 - HMI.py[line:350] - INFO: 零件号检测进度: 20.0%
2021-01-27 13:59:37,187 - HMI.py[line:350] - INFO: 零件号检测进度: 24.0%
2021-01-27 13:59:37,224 - HMI.py[line:350] - INFO: 零件号检测进度: 28.000000000000004%
2021-01-27 13:59:37,261 - HMI.py[line:350] - INFO: 零件号检测进度: 32.0%
2021-01-27 13:59:37,297 - HMI.py[line:350] - INFO: 零件号检测进度: 36.0%
2021-01-27 13:59:37,333 - HMI.py[line:350] - INFO: 零件号检测进度: 40.0%
2021-01-27 13:59:37,371 - HMI.py[line:350] - INFO: 零件号检测进度: 44.0%
2021-01-27 13:59:37,408 - HMI.py[line:350] - INFO: 零件号检测进度: 48.0%
2021-01-27 13:59:37,444 - HMI.py[line:350] - INFO: 零件号检测进度: 52.0%
2021-01-27 13:59:37,490 - HMI.py[line:350] - INFO: 零件号检测进度: 56.00000000000001%
2021-01-27 13:59:37,538 - HMI.py[line:350] - INFO: 零件号检测进度: 60.0%
2021-01-27 13:59:37,576 - HMI.py[line:350] - INFO: 零件号检测进度: 64.0%
2021-01-27 13:59:37,612 - HMI.py[line:350] - INFO: 零件号检测进度: 68.0%
2021-01-27 13:59:37,650 - HMI.py[line:350] - INFO: 零件号检测进度: 72.0%
2021-01-27 13:59:37,686 - HMI.py[line:350] - INFO: 零件号检测进度: 76.0%
2021-01-27 13:59:37,724 - HMI.py[line:350] - INFO: 零件号检测进度: 80.0%
2021-01-27 13:59:37,759 - HMI.py[line:350] - INFO: 零件号检测进度: 84.0%
2021-01-27 13:59:37,805 - HMI.py[line:350] - INFO: 零件号检测进度: 88.0%
2021-01-27 13:59:37,853 - HMI.py[line:350] - INFO: 零件号检测进度: 92.0%
2021-01-27 13:59:37,901 - HMI.py[line:350] - INFO: 零件号检测进度: 96.0%
2021-01-27 13:59:37,949 - HMI.py[line:350] - INFO: 零件号检测进度: 100.0%
2021-01-27 13:59:37,949 - HMI.py[line:350] - INFO: 零件号检测完成。
2021-01-27 13:59:38,041 - HMI.py[line:350] - INFO: 开始检测零件号 E:/Projects/Part_Number/dataset/test_single\2021-01-22_18_00_02_285.png ...
2021-01-27 13:59:38,335 - HMI.py[line:350] - INFO: 零件号检测进度: 4.0%
2021-01-27 13:59:38,387 - HMI.py[line:350] - INFO: 零件号检测进度: 8.0%
2021-01-27 13:59:38,434 - HMI.py[line:350] - INFO: 零件号检测进度: 12.0%
2021-01-27 13:59:38,484 - HMI.py[line:350] - INFO: 零件号检测进度: 16.0%
2021-01-27 13:59:38,532 - HMI.py[line:350] - INFO: 零件号检测进度: 20.0%
2021-01-27 13:59:38,570 - HMI.py[line:350] - INFO: 零件号检测进度: 24.0%
2021-01-27 13:59:38,606 - HMI.py[line:350] - INFO: 零件号检测进度: 28.000000000000004%
2021-01-27 13:59:38,644 - HMI.py[line:350] - INFO: 零件号检测进度: 32.0%
2021-01-27 13:59:38,680 - HMI.py[line:350] - INFO: 零件号检测进度: 36.0%
2021-01-27 13:59:38,716 - HMI.py[line:350] - INFO: 零件号检测进度: 40.0%
2021-01-27 13:59:38,754 - HMI.py[line:350] - INFO: 零件号检测进度: 44.0%
2021-01-27 13:59:38,800 - HMI.py[line:350] - INFO: 零件号检测进度: 48.0%
2021-01-27 13:59:38,847 - HMI.py[line:350] - INFO: 零件号检测进度: 52.0%
2021-01-27 13:59:38,895 - HMI.py[line:350] - INFO: 零件号检测进度: 56.00000000000001%
2021-01-27 13:59:38,943 - HMI.py[line:350] - INFO: 零件号检测进度: 60.0%
2021-01-27 13:59:38,979 - HMI.py[line:350] - INFO: 零件号检测进度: 64.0%
2021-01-27 13:59:39,017 - HMI.py[line:350] - INFO: 零件号检测进度: 68.0%
2021-01-27 13:59:39,053 - HMI.py[line:350] - INFO: 零件号检测进度: 72.0%
2021-01-27 13:59:39,091 - HMI.py[line:350] - INFO: 零件号检测进度: 76.0%
2021-01-27 13:59:39,127 - HMI.py[line:350] - INFO: 零件号检测进度: 80.0%
2021-01-27 13:59:39,165 - HMI.py[line:350] - INFO: 零件号检测进度: 84.0%
2021-01-27 13:59:39,212 - HMI.py[line:350] - INFO: 零件号检测进度: 88.0%
2021-01-27 13:59:39,260 - HMI.py[line:350] - INFO: 零件号检测进度: 92.0%
2021-01-27 13:59:39,308 - HMI.py[line:350] - INFO: 零件号检测进度: 96.0%
2021-01-27 13:59:39,356 - HMI.py[line:350] - INFO: 零件号检测进度: 100.0%
2021-01-27 13:59:39,358 - HMI.py[line:350] - INFO: 零件号检测完成。
2021-01-27 13:59:39,453 - HMI.py[line:350] - INFO: 开始检测零件号 E:/Projects/Part_Number/dataset/test_single\2021-01-22_18_41_03_911.png ...
2021-01-27 13:59:39,747 - HMI.py[line:350] - INFO: 零件号检测进度: 4.0%
2021-01-27 13:59:39,800 - HMI.py[line:350] - INFO: 零件号检测进度: 8.0%
2021-01-27 13:59:39,846 - HMI.py[line:350] - INFO: 零件号检测进度: 12.0%
2021-01-27 13:59:39,894 - HMI.py[line:350] - INFO: 零件号检测进度: 16.0%
2021-01-27 13:59:39,942 - HMI.py[line:350] - INFO: 零件号检测进度: 20.0%
2021-01-27 13:59:39,980 - HMI.py[line:350] - INFO: 零件号检测进度: 24.0%
2021-01-27 13:59:40,016 - HMI.py[line:350] - INFO: 零件号检测进度: 28.000000000000004%
2021-01-27 13:59:40,052 - HMI.py[line:350] - INFO: 零件号检测进度: 32.0%
2021-01-27 13:59:40,090 - HMI.py[line:350] - INFO: 零件号检测进度: 36.0%
2021-01-27 13:59:40,126 - HMI.py[line:350] - INFO: 零件号检测进度: 40.0%
2021-01-27 13:59:40,161 - HMI.py[line:350] - INFO: 零件号检测进度: 44.0%
2021-01-27 13:59:40,209 - HMI.py[line:350] - INFO: 零件号检测进度: 48.0%
2021-01-27 13:59:40,256 - HMI.py[line:350] - INFO: 零件号检测进度: 52.0%
2021-01-27 13:59:40,306 - HMI.py[line:350] - INFO: 零件号检测进度: 56.00000000000001%
2021-01-27 13:59:40,353 - HMI.py[line:350] - INFO: 零件号检测进度: 60.0%
2021-01-27 13:59:40,391 - HMI.py[line:350] - INFO: 零件号检测进度: 64.0%
2021-01-27 13:59:40,427 - HMI.py[line:350] - INFO: 零件号检测进度: 68.0%
2021-01-27 13:59:40,463 - HMI.py[line:350] - INFO: 零件号检测进度: 72.0%
2021-01-27 13:59:40,499 - HMI.py[line:350] - INFO: 零件号检测进度: 76.0%
2021-01-27 13:59:40,537 - HMI.py[line:350] - INFO: 零件号检测进度: 80.0%
2021-01-27 13:59:40,573 - HMI.py[line:350] - INFO: 零件号检测进度: 84.0%
2021-01-27 13:59:40,621 - HMI.py[line:350] - INFO: 零件号检测进度: 88.0%
2021-01-27 13:59:40,669 - HMI.py[line:350] - INFO: 零件号检测进度: 92.0%
2021-01-27 13:59:40,716 - HMI.py[line:350] - INFO: 零件号检测进度: 96.0%
2021-01-27 13:59:40,762 - HMI.py[line:350] - INFO: 零件号检测进度: 100.0%
2021-01-27 13:59:40,764 - HMI.py[line:350] - INFO: 零件号检测完成。
2021-01-27 13:59:48,358 - HMI.py[line:350] - INFO: 件号匹配列表已清空。
2021-01-27 13:59:50,036 - HMI.py[line:350] - INFO: 开始检测交接单 E:/Projects/Part_Number/dataset/doc\2021-01-13_18_42_00_660.bmp ...
2021-01-27 13:59:50,307 - HMI.py[line:350] - INFO: 交接单检测完成。
2021-01-27 13:59:50,388 - HMI.py[line:350] - INFO: 开始检测交接单 E:/Projects/Part_Number/dataset/doc\doc_2.png ...
2021-01-27 13:59:51,039 - HMI.py[line:350] - INFO: 交接单检测完成。
2021-01-27 13:59:52,470 - HMI.py[line:350] - INFO: 开始检测零件号 E:/Projects/Part_Number/dataset/test_single\2021-01-22_17_58_11_147.png ...
2021-01-27 13:59:52,771 - HMI.py[line:350] - INFO: 零件号检测进度: 4.0%
2021-01-27 13:59:52,821 - HMI.py[line:350] - INFO: 零件号检测进度: 8.0%
2021-01-27 13:59:52,869 - HMI.py[line:350] - INFO: 零件号检测进度: 12.0%
2021-01-27 13:59:52,917 - HMI.py[line:350] - INFO: 零件号检测进度: 16.0%
2021-01-27 13:59:52,965 - HMI.py[line:350] - INFO: 零件号检测进度: 20.0%
2021-01-27 13:59:53,003 - HMI.py[line:350] - INFO: 零件号检测进度: 24.0%
2021-01-27 13:59:53,039 - HMI.py[line:350] - INFO: 零件号检测进度: 28.000000000000004%
2021-01-27 13:59:53,077 - HMI.py[line:350] - INFO: 零件号检测进度: 32.0%
2021-01-27 13:59:53,113 - HMI.py[line:350] - INFO: 零件号检测进度: 36.0%
2021-01-27 13:59:53,151 - HMI.py[line:350] - INFO: 零件号检测进度: 40.0%
2021-01-27 13:59:53,187 - HMI.py[line:350] - INFO: 零件号检测进度: 44.0%
2021-01-27 13:59:53,225 - HMI.py[line:350] - INFO: 零件号检测进度: 48.0%
2021-01-27 13:59:53,261 - HMI.py[line:350] - INFO: 零件号检测进度: 52.0%
2021-01-27 13:59:53,309 - HMI.py[line:350] - INFO: 零件号检测进度: 56.00000000000001%
2021-01-27 13:59:53,357 - HMI.py[line:350] - INFO: 零件号检测进度: 60.0%
2021-01-27 13:59:53,393 - HMI.py[line:350] - INFO: 零件号检测进度: 64.0%
2021-01-27 13:59:53,431 - HMI.py[line:350] - INFO: 零件号检测进度: 68.0%
2021-01-27 13:59:53,467 - HMI.py[line:350] - INFO: 零件号检测进度: 72.0%
2021-01-27 13:59:53,505 - HMI.py[line:350] - INFO: 零件号检测进度: 76.0%
2021-01-27 13:59:53,541 - HMI.py[line:350] - INFO: 零件号检测进度: 80.0%
2021-01-27 13:59:53,578 - HMI.py[line:350] - INFO: 零件号检测进度: 84.0%
2021-01-27 13:59:53,626 - HMI.py[line:350] - INFO: 零件号检测进度: 88.0%
2021-01-27 13:59:53,674 - HMI.py[line:350] - INFO: 零件号检测进度: 92.0%
2021-01-27 13:59:53,722 - HMI.py[line:350] - INFO: 零件号检测进度: 96.0%
2021-01-27 13:59:53,770 - HMI.py[line:350] - INFO: 零件号检测进度: 100.0%
2021-01-27 13:59:53,770 - HMI.py[line:350] - INFO: 零件号检测完成。
2021-01-27 13:59:53,862 - HMI.py[line:350] - INFO: 开始检测零件号 E:/Projects/Part_Number/dataset/test_single\2021-01-22_18_00_02_285.png ...
2021-01-27 13:59:54,153 - HMI.py[line:350] - INFO: 零件号检测进度: 4.0%
2021-01-27 13:59:54,205 - HMI.py[line:350] - INFO: 零件号检测进度: 8.0%
2021-01-27 13:59:54,254 - HMI.py[line:350] - INFO: 零件号检测进度: 12.0%
2021-01-27 13:59:54,302 - HMI.py[line:350] - INFO: 零件号检测进度: 16.0%
2021-01-27 13:59:54,348 - HMI.py[line:350] - INFO: 零件号检测进度: 20.0%
2021-01-27 13:59:54,386 - HMI.py[line:350] - INFO: 零件号检测进度: 24.0%
2021-01-27 13:59:54,422 - HMI.py[line:350] - INFO: 零件号检测进度: 28.000000000000004%
2021-01-27 13:59:54,460 - HMI.py[line:350] - INFO: 零件号检测进度: 32.0%
2021-01-27 13:59:54,495 - HMI.py[line:350] - INFO: 零件号检测进度: 36.0%
2021-01-27 13:59:54,533 - HMI.py[line:350] - INFO: 零件号检测进度: 40.0%
2021-01-27 13:59:54,569 - HMI.py[line:350] - INFO: 零件号检测进度: 44.0%
2021-01-27 13:59:54,617 - HMI.py[line:350] - INFO: 零件号检测进度: 48.0%
2021-01-27 13:59:54,665 - HMI.py[line:350] - INFO: 零件号检测进度: 52.0%
2021-01-27 13:59:54,713 - HMI.py[line:350] - INFO: 零件号检测进度: 56.00000000000001%
2021-01-27 13:59:54,761 - HMI.py[line:350] - INFO: 零件号检测进度: 60.0%
2021-01-27 13:59:54,799 - HMI.py[line:350] - INFO: 零件号检测进度: 64.0%
2021-01-27 13:59:54,835 - HMI.py[line:350] - INFO: 零件号检测进度: 68.0%
2021-01-27 13:59:54,872 - HMI.py[line:350] - INFO: 零件号检测进度: 72.0%
2021-01-27 13:59:54,908 - HMI.py[line:350] - INFO: 零件号检测进度: 76.0%
2021-01-27 13:59:54,944 - HMI.py[line:350] - INFO: 零件号检测进度: 80.0%
2021-01-27 13:59:54,982 - HMI.py[line:350] - INFO: 零件号检测进度: 84.0%
2021-01-27 13:59:55,030 - HMI.py[line:350] - INFO: 零件号检测进度: 88.0%
2021-01-27 13:59:55,076 - HMI.py[line:350] - INFO: 零件号检测进度: 92.0%
2021-01-27 13:59:55,126 - HMI.py[line:350] - INFO: 零件号检测进度: 96.0%
2021-01-27 13:59:55,174 - HMI.py[line:350] - INFO: 零件号检测进度: 100.0%
2021-01-27 13:59:55,174 - HMI.py[line:350] - INFO: 零件号检测完成。
2021-01-27 13:59:55,269 - HMI.py[line:350] - INFO: 开始检测零件号 E:/Projects/Part_Number/dataset/test_single\2021-01-22_18_41_03_911.png ...
2021-01-27 13:59:55,562 - HMI.py[line:350] - INFO: 零件号检测进度: 4.0%
2021-01-27 13:59:55,616 - HMI.py[line:350] - INFO: 零件号检测进度: 8.0%
2021-01-27 13:59:55,662 - HMI.py[line:350] - INFO: 零件号检测进度: 12.0%
2021-01-27 13:59:55,710 - HMI.py[line:350] - INFO: 零件号检测进度: 16.0%
2021-01-27 13:59:55,760 - HMI.py[line:350] - INFO: 零件号检测进度: 20.0%
2021-01-27 13:59:55,796 - HMI.py[line:350] - INFO: 零件号检测进度: 24.0%
2021-01-27 13:59:55,834 - HMI.py[line:350] - INFO: 零件号检测进度: 28.000000000000004%
2021-01-27 13:59:55,870 - HMI.py[line:350] - INFO: 零件号检测进度: 32.0%
2021-01-27 13:59:55,905 - HMI.py[line:350] - INFO: 零件号检测进度: 36.0%
2021-01-27 13:59:55,943 - HMI.py[line:350] - INFO: 零件号检测进度: 40.0%
2021-01-27 13:59:55,980 - HMI.py[line:350] - INFO: 零件号检测进度: 44.0%
2021-01-27 13:59:56,026 - HMI.py[line:350] - INFO: 零件号检测进度: 48.0%
2021-01-27 13:59:56,076 - HMI.py[line:350] - INFO: 零件号检测进度: 52.0%
2021-01-27 13:59:56,122 - HMI.py[line:350] - INFO: 零件号检测进度: 56.00000000000001%
2021-01-27 13:59:56,170 - HMI.py[line:350] - INFO: 零件号检测进度: 60.0%
2021-01-27 13:59:56,208 - HMI.py[line:350] - INFO: 零件号检测进度: 64.0%
2021-01-27 13:59:56,243 - HMI.py[line:350] - INFO: 零件号检测进度: 68.0%
2021-01-27 13:59:56,281 - HMI.py[line:350] - INFO: 零件号检测进度: 72.0%
2021-01-27 13:59:56,317 - HMI.py[line:350] - INFO: 零件号检测进度: 76.0%
2021-01-27 13:59:56,355 - HMI.py[line:350] - INFO: 零件号检测进度: 80.0%
2021-01-27 13:59:56,391 - HMI.py[line:350] - INFO: 零件号检测进度: 84.0%
2021-01-27 13:59:56,441 - HMI.py[line:350] - INFO: 零件号检测进度: 88.0%
2021-01-27 13:59:56,489 - HMI.py[line:350] - INFO: 零件号检测进度: 92.0%
2021-01-27 13:59:56,536 - HMI.py[line:350] - INFO: 零件号检测进度: 96.0%
2021-01-27 13:59:56,584 - HMI.py[line:350] - INFO: 零件号检测进度: 100.0%
2021-01-27 13:59:56,586 - HMI.py[line:350] - INFO: 零件号检测完成。
2021-01-27 14:03:09,791 - HMI.py[line:350] - INFO: 开始检测交接单 E:/Projects/Part_Number/dataset/doc\2021-01-13_18_42_00_660.bmp ...
2021-01-27 14:03:10,081 - HMI.py[line:350] - INFO: 交接单检测完成。
2021-01-27 14:03:10,165 - HMI.py[line:350] - INFO: 开始检测交接单 E:/Projects/Part_Number/dataset/doc\doc_2.png ...
2021-01-27 14:03:10,823 - HMI.py[line:350] - INFO: 交接单检测完成。
2021-01-27 14:03:17,373 - HMI.py[line:350] - INFO: i-shopOCR user interface has been closed.

2021-01-27 14:25:40,458 - HMI.py[line:350] - INFO: 开始检测交接单 E:/Projects/Part_Number/dataset/doc\doc_2.png ...
2021-01-27 14:25:41,840 - HMI.py[line:350] - INFO: 交接单检测完成。
2021-01-27 14:25:42,499 - HMI.py[line:350] - INFO: 开始检测零件号 E:/Projects/Part_Number/dataset/test_single\2021-01-22_17_58_11_147.png ...
2021-01-27 14:25:42,820 - HMI.py[line:350] - INFO: 零件号检测进度: 4.0%
2021-01-27 14:25:42,876 - HMI.py[line:350] - INFO: 零件号检测进度: 8.0%
2021-01-27 14:25:42,926 - HMI.py[line:350] - INFO: 零件号检测进度: 12.0%
2021-01-27 14:25:42,976 - HMI.py[line:350] - INFO: 零件号检测进度: 16.0%
2021-01-27 14:25:43,024 - HMI.py[line:350] - INFO: 零件号检测进度: 20.0%
2021-01-27 14:25:43,061 - HMI.py[line:350] - INFO: 零件号检测进度: 24.0%
2021-01-27 14:25:43,099 - HMI.py[line:350] - INFO: 零件号检测进度: 28.000000000000004%
2021-01-27 14:25:43,137 - HMI.py[line:350] - INFO: 零件号检测进度: 32.0%
2021-01-27 14:25:43,175 - HMI.py[line:350] - INFO: 零件号检测进度: 36.0%
2021-01-27 14:25:43,211 - HMI.py[line:350] - INFO: 零件号检测进度: 40.0%
2021-01-27 14:25:43,248 - HMI.py[line:350] - INFO: 零件号检测进度: 44.0%
2021-01-27 14:25:43,284 - HMI.py[line:350] - INFO: 零件号检测进度: 48.0%
2021-01-27 14:25:43,322 - HMI.py[line:350] - INFO: 零件号检测进度: 52.0%
2021-01-27 14:25:43,372 - HMI.py[line:350] - INFO: 零件号检测进度: 56.00000000000001%
2021-01-27 14:25:43,420 - HMI.py[line:350] - INFO: 零件号检测进度: 60.0%
2021-01-27 14:25:43,456 - HMI.py[line:350] - INFO: 零件号检测进度: 64.0%
2021-01-27 14:25:43,494 - HMI.py[line:350] - INFO: 零件号检测进度: 68.0%
2021-01-27 14:25:43,530 - HMI.py[line:350] - INFO: 零件号检测进度: 72.0%
2021-01-27 14:25:43,568 - HMI.py[line:350] - INFO: 零件号检测进度: 76.0%
2021-01-27 14:25:43,604 - HMI.py[line:350] - INFO: 零件号检测进度: 80.0%
2021-01-27 14:25:43,639 - HMI.py[line:350] - INFO: 零件号检测进度: 84.0%
2021-01-27 14:25:43,687 - HMI.py[line:350] - INFO: 零件号检测进度: 88.0%
2021-01-27 14:25:43,737 - HMI.py[line:350] - INFO: 零件号检测进度: 92.0%
2021-01-27 14:25:43,787 - HMI.py[line:350] - INFO: 零件号检测进度: 96.0%
2021-01-27 14:25:43,835 - HMI.py[line:350] - INFO: 零件号检测进度: 100.0%
2021-01-27 14:25:43,835 - HMI.py[line:350] - INFO: 零件号检测完成。
2021-01-27 14:25:43,927 - HMI.py[line:350] - INFO: 开始检测零件号 E:/Projects/Part_Number/dataset/test_single\2021-01-22_18_00_02_285.png ...
2021-01-27 14:25:44,220 - HMI.py[line:350] - INFO: 零件号检测进度: 4.0%
2021-01-27 14:25:44,275 - HMI.py[line:350] - INFO: 零件号检测进度: 8.0%
2021-01-27 14:25:44,322 - HMI.py[line:350] - INFO: 零件号检测进度: 12.0%
2021-01-27 14:25:44,372 - HMI.py[line:350] - INFO: 零件号检测进度: 16.0%
2021-01-27 14:25:44,420 - HMI.py[line:350] - INFO: 零件号检测进度: 20.0%
2021-01-27 14:25:44,456 - HMI.py[line:350] - INFO: 零件号检测进度: 24.0%
2021-01-27 14:25:44,494 - HMI.py[line:350] - INFO: 零件号检测进度: 28.000000000000004%
2021-01-27 14:25:44,530 - HMI.py[line:350] - INFO: 零件号检测进度: 32.0%
2021-01-27 14:25:44,566 - HMI.py[line:350] - INFO: 零件号检测进度: 36.0%
2021-01-27 14:25:44,604 - HMI.py[line:350] - INFO: 零件号检测进度: 40.0%
2021-01-27 14:25:44,640 - HMI.py[line:350] - INFO: 零件号检测进度: 44.0%
2021-01-27 14:25:44,688 - HMI.py[line:350] - INFO: 零件号检测进度: 48.0%
2021-01-27 14:25:44,735 - HMI.py[line:350] - INFO: 零件号检测进度: 52.0%
2021-01-27 14:25:44,783 - HMI.py[line:350] - INFO: 零件号检测进度: 56.00000000000001%
2021-01-27 14:25:44,833 - HMI.py[line:350] - INFO: 零件号检测进度: 60.0%
2021-01-27 14:25:44,871 - HMI.py[line:350] - INFO: 零件号检测进度: 64.0%
2021-01-27 14:25:44,907 - HMI.py[line:350] - INFO: 零件号检测进度: 68.0%
2021-01-27 14:25:44,945 - HMI.py[line:350] - INFO: 零件号检测进度: 72.0%
2021-01-27 14:25:44,981 - HMI.py[line:350] - INFO: 零件号检测进度: 76.0%
2021-01-27 14:25:45,019 - HMI.py[line:350] - INFO: 零件号检测进度: 80.0%
2021-01-27 14:25:45,055 - HMI.py[line:350] - INFO: 零件号检测进度: 84.0%
2021-01-27 14:25:45,104 - HMI.py[line:350] - INFO: 零件号检测进度: 88.0%
2021-01-27 14:25:45,154 - HMI.py[line:350] - INFO: 零件号检测进度: 92.0%
2021-01-27 14:25:45,202 - HMI.py[line:350] - INFO: 零件号检测进度: 96.0%
2021-01-27 14:25:45,252 - HMI.py[line:350] - INFO: 零件号检测进度: 100.0%
2021-01-27 14:25:45,252 - HMI.py[line:350] - INFO: 零件号检测完成。
2021-01-27 14:25:45,349 - HMI.py[line:350] - INFO: 开始检测零件号 E:/Projects/Part_Number/dataset/test_single\2021-01-22_18_41_03_911.png ...
2021-01-27 14:25:45,643 - HMI.py[line:350] - INFO: 零件号检测进度: 4.0%
2021-01-27 14:25:45,696 - HMI.py[line:350] - INFO: 零件号检测进度: 8.0%
2021-01-27 14:25:45,742 - HMI.py[line:350] - INFO: 零件号检测进度: 12.0%
2021-01-27 14:25:45,790 - HMI.py[line:350] - INFO: 零件号检测进度: 16.0%
2021-01-27 14:25:45,838 - HMI.py[line:350] - INFO: 零件号检测进度: 20.0%
2021-01-27 14:25:45,876 - HMI.py[line:350] - INFO: 零件号检测进度: 24.0%
2021-01-27 14:25:45,912 - HMI.py[line:350] - INFO: 零件号检测进度: 28.000000000000004%
2021-01-27 14:25:45,950 - HMI.py[line:350] - INFO: 零件号检测进度: 32.0%
2021-01-27 14:25:45,986 - HMI.py[line:350] - INFO: 零件号检测进度: 36.0%
2021-01-27 14:25:46,024 - HMI.py[line:350] - INFO: 零件号检测进度: 40.0%
2021-01-27 14:25:46,059 - HMI.py[line:350] - INFO: 零件号检测进度: 44.0%
2021-01-27 14:25:46,156 - HMI.py[line:350] - INFO: 零件号检测进度: 48.0%
2021-01-27 14:25:46,206 - HMI.py[line:350] - INFO: 零件号检测进度: 52.0%
2021-01-27 14:25:46,261 - HMI.py[line:350] - INFO: 零件号检测进度: 56.00000000000001%
2021-01-27 14:25:46,309 - HMI.py[line:350] - INFO: 零件号检测进度: 60.0%
2021-01-27 14:25:46,347 - HMI.py[line:350] - INFO: 零件号检测进度: 64.0%
2021-01-27 14:25:46,382 - HMI.py[line:350] - INFO: 零件号检测进度: 68.0%
2021-01-27 14:25:46,420 - HMI.py[line:350] - INFO: 零件号检测进度: 72.0%
2021-01-27 14:25:46,456 - HMI.py[line:350] - INFO: 零件号检测进度: 76.0%
2021-01-27 14:25:46,494 - HMI.py[line:350] - INFO: 零件号检测进度: 80.0%
2021-01-27 14:25:46,529 - HMI.py[line:350] - INFO: 零件号检测进度: 84.0%
2021-01-27 14:25:46,579 - HMI.py[line:350] - INFO: 零件号检测进度: 88.0%
2021-01-27 14:25:46,625 - HMI.py[line:350] - INFO: 零件号检测进度: 92.0%
2021-01-27 14:25:46,673 - HMI.py[line:350] - INFO: 零件号检测进度: 96.0%
2021-01-27 14:25:46,721 - HMI.py[line:350] - INFO: 零件号检测进度: 100.0%
2021-01-27 14:25:46,723 - HMI.py[line:350] - INFO: 零件号检测完成。
2021-01-27 14:25:48,473 - HMI.py[line:350] - INFO: 报告生成中 ...
2021-01-27 14:25:48,479 - HMI.py[line:350] - INFO: 报告生成完成。
2021-01-27 14:26:10,923 - HMI.py[line:350] - INFO: 开始检测交接单 E:/Projects/Part_Number/dataset/doc\doc_2.png ...
2021-01-27 14:26:11,370 - HMI.py[line:350] - INFO: 交接单检测完成。
2021-01-27 14:26:16,120 - HMI.py[line:350] - INFO: 件号匹配列表已清空。
2021-01-27 14:26:17,660 - HMI.py[line:350] - INFO: 开始检测交接单 E:/Projects/Part_Number/dataset/doc\doc_2.png ...
2021-01-27 14:26:18,069 - HMI.py[line:350] - INFO: 交接单检测完成。
2021-01-27 14:26:43,357 - HMI.py[line:350] - INFO: i-shopOCR user interface has been closed.

2021-01-27 14:29:52,022 - HMI.py[line:350] - INFO: 开始检测交接单 E:/Projects/Part_Number/dataset/doc\doc_2.png ...
2021-01-27 14:29:53,325 - HMI.py[line:350] - INFO: 交接单检测完成。
2021-01-27 14:30:01,993 - HMI.py[line:350] - INFO: i-shopOCR user interface has been closed.

2021-01-27 14:30:30,933 - HMI.py[line:350] - INFO: 开始检测交接单 E:/Projects/Part_Number/dataset/doc\doc_2.png ...
2021-01-27 14:30:32,212 - HMI.py[line:350] - INFO: 交接单检测完成。
2021-01-27 14:30:36,894 - HMI.py[line:350] - INFO: i-shopOCR user interface has been closed.

